Using pre-set license
Built from '2020.3/staging' branch; Version is '2020.3.10f1 (297d780c91bc) revision 2719096'; Using compiler version '192528614'; Build Type 'Release'
OS: 'Windows 10 Pro; OS build 19042.1083; Version 2009; 64bit' Language: 'ru' Physical Memory: 8072 MB
BatchMode: 1, IsHumanControllingUs: 0, StartBugReporterOnCrash: 0, Is64bit: 1, IsPro: 0

 COMMAND LINE ARGUMENTS:
C:\Program Files\Unity\Hub\Editor\2020.3.10f1\Editor\Unity.exe
-adb2
-batchMode
-noUpm
-name
AssetImportWorker0
-projectPath
C:/Users/Admin/doodle2
-logFile
Logs/AssetImportWorker0.log
-srvPort
50152
Successfully changed project path to: C:/Users/Admin/doodle2
C:/Users/Admin/doodle2
Using Asset Import Pipeline V2.
Refreshing native plugins compatible for Editor in 188.69 ms, found 3 plugins.
Preloading 0 native plugins for Editor in 0.00 ms.
Initialize engine version: 2020.3.10f1 (297d780c91bc)
[Subsystems] Discovering subsystems at path C:/Program Files/Unity/Hub/Editor/2020.3.10f1/Editor/Data/Resources/UnitySubsystems
[Subsystems] Discovering subsystems at path C:/Users/Admin/doodle2/Assets
GfxDevice: creating device client; threaded=0
Direct3D:
    Version:  Direct3D 11.0 [level 11.0]
    Renderer: Intel(R) HD Graphics 4000 (ID=0x166)
    Vendor:   
    VRAM:     128 MB
    Driver:   10.18.10.4425
Initialize mono
Mono path[0] = 'C:/Program Files/Unity/Hub/Editor/2020.3.10f1/Editor/Data/Managed'
Mono path[1] = 'C:/Program Files/Unity/Hub/Editor/2020.3.10f1/Editor/Data/MonoBleedingEdge/lib/mono/unityjit'
Mono config path = 'C:/Program Files/Unity/Hub/Editor/2020.3.10f1/Editor/Data/MonoBleedingEdge/etc'
Using monoOptions --debugger-agent=transport=dt_socket,embedding=1,server=y,suspend=n,address=127.0.0.1:56324
Begin MonoManager ReloadAssembly
Registering precompiled unity dll's ...
Register platform support module: C:/Program Files/Unity/Hub/Editor/2020.3.10f1/Editor/Data/PlaybackEngines/WindowsStandaloneSupport/UnityEditor.WindowsStandalone.Extensions.dll
Registered in 0.006134 seconds.
Native extension for WindowsStandalone target not found
Refreshing native plugins compatible for Editor in 150.33 ms, found 3 plugins.
Preloading 0 native plugins for Editor in 0.00 ms.
Mono: successfully reloaded assembly
- Completed reload, in  3.567 seconds
Platform modules already initialized, skipping
Registering precompiled user dll's ...
Registered in 0.011625 seconds.
Begin MonoManager ReloadAssembly
Native extension for WindowsStandalone target not found
Refreshing native plugins compatible for Editor in 160.25 ms, found 3 plugins.
Preloading 0 native plugins for Editor in 0.00 ms.
Mono: successfully reloaded assembly
- Completed reload, in  5.490 seconds
Platform modules already initialized, skipping
========================================================================
Worker process is ready to serve import requests
Launched and connected shader compiler UnityShaderCompiler.exe after 0.11 seconds
Refreshing native plugins compatible for Editor in 1.44 ms, found 3 plugins.
Preloading 0 native plugins for Editor in 0.00 ms.
Unloading 2190 Unused Serialized files (Serialized files now loaded: 0)
System memory in use before: 95.9 MB.
System memory in use after: 96.0 MB.

Unloading 41 unused Assets to reduce memory usage. Loaded Objects now: 2617.
Total: 4.537400 ms (FindLiveObjects: 0.375600 ms CreateObjectMapping: 0.133000 ms MarkObjects: 3.897700 ms  DeleteObjects: 0.128400 ms)

========================================================================
Received Import Request.
  path: Assets/scripts/интерфейс игры/pauseMenu.cs
  artifactKey: Guid(01addde7301920e478aa89d7ccb402cf) Importer(815301076,1909f56bfc062723c751e8b465ee728b)
Start importing Assets/scripts/интерфейс игры/pauseMenu.cs using Guid(01addde7301920e478aa89d7ccb402cf) Importer(815301076,1909f56bfc062723c751e8b465ee728b)  -> (artifact id: '82e46a4e827ed2bca103f9f0fea2c8fd') in 0.064672 seconds
  Import took 0.071965 seconds .

========================================================================
Received Import Request.
  Time since last request: 163.355584 seconds.
  path: Assets/scripts/интерфейс игры/gameManage.cs
  artifactKey: Guid(af3119ce178b93e48b1480e9b79beb0e) Importer(815301076,1909f56bfc062723c751e8b465ee728b)
Start importing Assets/scripts/интерфейс игры/gameManage.cs using Guid(af3119ce178b93e48b1480e9b79beb0e) Importer(815301076,1909f56bfc062723c751e8b465ee728b)  -> (artifact id: '7029d82afa7d1f59ff884dfcaa032deb') in 0.035311 seconds
  Import took 0.047261 seconds .

========================================================================
Received Import Request.
  Time since last request: 0.004100 seconds.
  path: Assets/scripts/интерфейс игры/gameManage.cs
  artifactKey: Guid(af3119ce178b93e48b1480e9b79beb0e) Importer(815301076,1909f56bfc062723c751e8b465ee728b)
Start importing Assets/scripts/интерфейс игры/gameManage.cs using Guid(af3119ce178b93e48b1480e9b79beb0e) Importer(815301076,1909f56bfc062723c751e8b465ee728b)  -> (artifact id: '7029d82afa7d1f59ff884dfcaa032deb') in 0.016458 seconds
  Import took 0.025354 seconds .

========================================================================
Received Import Request.
  Time since last request: 7.766483 seconds.
  path: Assets/scripts/интерфейс игры/GameManage.cs
  artifactKey: Guid(af3119ce178b93e48b1480e9b79beb0e) Importer(815301076,1909f56bfc062723c751e8b465ee728b)
Start importing Assets/scripts/интерфейс игры/GameManage.cs using Guid(af3119ce178b93e48b1480e9b79beb0e) Importer(815301076,1909f56bfc062723c751e8b465ee728b)  -> (artifact id: 'd45c96fce9ac4bf0306dc70560e06d1b') in 0.051040 seconds
  Import took 0.076606 seconds .

========================================================================
Received Import Request.
  Time since last request: 9.054439 seconds.
  path: Assets/scripts/интерфейс игры/PauseMenu.cs
  artifactKey: Guid(01addde7301920e478aa89d7ccb402cf) Importer(815301076,1909f56bfc062723c751e8b465ee728b)
Start importing Assets/scripts/интерфейс игры/PauseMenu.cs using Guid(01addde7301920e478aa89d7ccb402cf) Importer(815301076,1909f56bfc062723c751e8b465ee728b)  -> (artifact id: 'd6dfc57bd64502cdf2dccfececfe8b9e') in 0.022257 seconds
  Import took 0.033300 seconds .

========================================================================
Received Prepare
Registering precompiled user dll's ...
Registered in 0.008505 seconds.
Begin MonoManager ReloadAssembly
Native extension for WindowsStandalone target not found
Refreshing native plugins compatible for Editor in 2.63 ms, found 3 plugins.
Preloading 0 native plugins for Editor in 0.00 ms.
Mono: successfully reloaded assembly
- Completed reload, in  2.670 seconds
Platform modules already initialized, skipping
Refreshing native plugins compatible for Editor in 1.53 ms, found 3 plugins.
Preloading 0 native plugins for Editor in 0.00 ms.
Unloading 2181 Unused Serialized files (Serialized files now loaded: 0)
System memory in use before: 95.5 MB.
System memory in use after: 95.6 MB.

Unloading 30 unused Assets to reduce memory usage. Loaded Objects now: 2620.
Total: 3.685500 ms (FindLiveObjects: 0.285400 ms CreateObjectMapping: 0.120900 ms MarkObjects: 3.232800 ms  DeleteObjects: 0.043900 ms)

========================================================================
Received Prepare
Registering precompiled user dll's ...
Registered in 0.010654 seconds.
Begin MonoManager ReloadAssembly
Native extension for WindowsStandalone target not found
Refreshing native plugins compatible for Editor in 1.49 ms, found 3 plugins.
Preloading 0 native plugins for Editor in 0.00 ms.
Mono: successfully reloaded assembly
- Completed reload, in  3.145 seconds
Platform modules already initialized, skipping
Refreshing native plugins compatible for Editor in 1.91 ms, found 3 plugins.
Preloading 0 native plugins for Editor in 0.00 ms.
Unloading 2181 Unused Serialized files (Serialized files now loaded: 0)
System memory in use before: 95.6 MB.
System memory in use after: 95.7 MB.

Unloading 30 unused Assets to reduce memory usage. Loaded Objects now: 2623.
Total: 6.312200 ms (FindLiveObjects: 0.542500 ms CreateObjectMapping: 0.486400 ms MarkObjects: 5.203200 ms  DeleteObjects: 0.075900 ms)

========================================================================
Received Prepare
Registering precompiled user dll's ...
Registered in 0.007676 seconds.
Begin MonoManager ReloadAssembly
Native extension for WindowsStandalone target not found
Refreshing native plugins compatible for Editor in 1.67 ms, found 3 plugins.
Preloading 0 native plugins for Editor in 0.00 ms.
Mono: successfully reloaded assembly
- Completed reload, in  2.354 seconds
Platform modules already initialized, skipping
Refreshing native plugins compatible for Editor in 1.57 ms, found 3 plugins.
Preloading 0 native plugins for Editor in 0.00 ms.
Unloading 2181 Unused Serialized files (Serialized files now loaded: 0)
System memory in use before: 95.6 MB.
System memory in use after: 95.7 MB.

Unloading 30 unused Assets to reduce memory usage. Loaded Objects now: 2626.
Total: 3.522500 ms (FindLiveObjects: 0.253800 ms CreateObjectMapping: 0.125100 ms MarkObjects: 3.101500 ms  DeleteObjects: 0.039500 ms)

========================================================================
Received Prepare
Registering precompiled user dll's ...
Registered in 0.011470 seconds.
Begin MonoManager ReloadAssembly
Native extension for WindowsStandalone target not found
Refreshing native plugins compatible for Editor in 0.99 ms, found 3 plugins.
Preloading 0 native plugins for Editor in 0.00 ms.
Mono: successfully reloaded assembly
- Completed reload, in  2.485 seconds
Platform modules already initialized, skipping
Refreshing native plugins compatible for Editor in 1.66 ms, found 3 plugins.
Preloading 0 native plugins for Editor in 0.00 ms.
Unloading 2181 Unused Serialized files (Serialized files now loaded: 0)
System memory in use before: 95.6 MB.
System memory in use after: 95.7 MB.

Unloading 30 unused Assets to reduce memory usage. Loaded Objects now: 2629.
Total: 3.612000 ms (FindLiveObjects: 0.259500 ms CreateObjectMapping: 0.129100 ms MarkObjects: 3.177700 ms  DeleteObjects: 0.043400 ms)

========================================================================
Received Prepare
Registering precompiled user dll's ...
Registered in 0.008518 seconds.
Begin MonoManager ReloadAssembly
Native extension for WindowsStandalone target not found
Refreshing native plugins compatible for Editor in 1.59 ms, found 3 plugins.
Preloading 0 native plugins for Editor in 0.00 ms.
Mono: successfully reloaded assembly
- Completed reload, in  2.425 seconds
Platform modules already initialized, skipping
Refreshing native plugins compatible for Editor in 1.67 ms, found 3 plugins.
Preloading 0 native plugins for Editor in 0.00 ms.
Unloading 2181 Unused Serialized files (Serialized files now loaded: 0)
System memory in use before: 95.6 MB.
System memory in use after: 95.7 MB.

Unloading 30 unused Assets to reduce memory usage. Loaded Objects now: 2632.
Total: 3.762800 ms (FindLiveObjects: 0.255300 ms CreateObjectMapping: 0.132300 ms MarkObjects: 3.333300 ms  DeleteObjects: 0.037600 ms)

========================================================================
Received Prepare
Registering precompiled user dll's ...
Registered in 0.007876 seconds.
Begin MonoManager ReloadAssembly
Native extension for WindowsStandalone target not found
Refreshing native plugins compatible for Editor in 1.17 ms, found 3 plugins.
Preloading 0 native plugins for Editor in 0.00 ms.
Mono: successfully reloaded assembly
- Completed reload, in  2.411 seconds
Platform modules already initialized, skipping
Refreshing native plugins compatible for Editor in 1.62 ms, found 3 plugins.
Preloading 0 native plugins for Editor in 0.00 ms.
Unloading 2181 Unused Serialized files (Serialized files now loaded: 0)
System memory in use before: 95.6 MB.
System memory in use after: 95.8 MB.

Unloading 30 unused Assets to reduce memory usage. Loaded Objects now: 2635.
Total: 3.944900 ms (FindLiveObjects: 0.360800 ms CreateObjectMapping: 0.255400 ms MarkObjects: 3.282800 ms  DeleteObjects: 0.043500 ms)

========================================================================
Received Prepare
Registering precompiled user dll's ...
Registered in 0.007393 seconds.
Begin MonoManager ReloadAssembly
Native extension for WindowsStandalone target not found
Refreshing native plugins compatible for Editor in 1.66 ms, found 3 plugins.
Preloading 0 native plugins for Editor in 0.00 ms.
Mono: successfully reloaded assembly
- Completed reload, in  2.491 seconds
Platform modules already initialized, skipping
Refreshing native plugins compatible for Editor in 1.61 ms, found 3 plugins.
Preloading 0 native plugins for Editor in 0.00 ms.
Unloading 2181 Unused Serialized files (Serialized files now loaded: 0)
System memory in use before: 95.7 MB.
System memory in use after: 95.8 MB.

Unloading 30 unused Assets to reduce memory usage. Loaded Objects now: 2638.
Total: 4.191900 ms (FindLiveObjects: 0.538300 ms CreateObjectMapping: 0.263000 ms MarkObjects: 3.350500 ms  DeleteObjects: 0.037500 ms)

========================================================================
Received Prepare
Registering precompiled user dll's ...
Registered in 0.008790 seconds.
Begin MonoManager ReloadAssembly
Native extension for WindowsStandalone target not found
Refreshing native plugins compatible for Editor in 1.02 ms, found 3 plugins.
Preloading 0 native plugins for Editor in 0.00 ms.
Mono: successfully reloaded assembly
- Completed reload, in  2.090 seconds
Platform modules already initialized, skipping
Refreshing native plugins compatible for Editor in 2.28 ms, found 3 plugins.
Preloading 0 native plugins for Editor in 0.00 ms.
Unloading 2181 Unused Serialized files (Serialized files now loaded: 0)
System memory in use before: 95.7 MB.
System memory in use after: 95.8 MB.

Unloading 30 unused Assets to reduce memory usage. Loaded Objects now: 2641.
Total: 3.800500 ms (FindLiveObjects: 0.247400 ms CreateObjectMapping: 0.121300 ms MarkObjects: 3.385500 ms  DeleteObjects: 0.043700 ms)

========================================================================
Received Import Request.
  Time since last request: 407.895417 seconds.
  path: Assets/Scenes/menu.unity
  artifactKey: Guid(5c711edc0de443a40be4440431a17260) Importer(815301076,1909f56bfc062723c751e8b465ee728b)
Start importing Assets/Scenes/menu.unity using Guid(5c711edc0de443a40be4440431a17260) Importer(815301076,1909f56bfc062723c751e8b465ee728b)  -> (artifact id: '4b581debe65a54754524586de9b4ef56') in 0.041717 seconds
  Import took 0.052233 seconds .

========================================================================
Received Import Request.
  Time since last request: 0.002195 seconds.
  path: Assets/Scenes/menu.unity
  artifactKey: Guid(5c711edc0de443a40be4440431a17260) Importer(815301076,1909f56bfc062723c751e8b465ee728b)
Start importing Assets/Scenes/menu.unity using Guid(5c711edc0de443a40be4440431a17260) Importer(815301076,1909f56bfc062723c751e8b465ee728b)  -> (artifact id: '4b581debe65a54754524586de9b4ef56') in 0.009246 seconds
  Import took 0.018302 seconds .

========================================================================
Received Prepare
Registering precompiled user dll's ...
Registered in 0.008412 seconds.
Begin MonoManager ReloadAssembly
Native extension for WindowsStandalone target not found
Refreshing native plugins compatible for Editor in 1.60 ms, found 3 plugins.
Preloading 0 native plugins for Editor in 0.00 ms.
Mono: successfully reloaded assembly
- Completed reload, in  2.769 seconds
Platform modules already initialized, skipping
Refreshing native plugins compatible for Editor in 3.69 ms, found 3 plugins.
Preloading 0 native plugins for Editor in 0.00 ms.
Unloading 2181 Unused Serialized files (Serialized files now loaded: 0)
System memory in use before: 95.7 MB.
System memory in use after: 95.8 MB.

Unloading 30 unused Assets to reduce memory usage. Loaded Objects now: 2644.
Total: 4.400700 ms (FindLiveObjects: 0.317700 ms CreateObjectMapping: 0.146700 ms MarkObjects: 3.894800 ms  DeleteObjects: 0.039100 ms)

========================================================================
Received Prepare
Registering precompiled user dll's ...
Registered in 0.011186 seconds.
Begin MonoManager ReloadAssembly
Native extension for WindowsStandalone target not found
Refreshing native plugins compatible for Editor in 1.00 ms, found 3 plugins.
Preloading 0 native plugins for Editor in 0.00 ms.
Mono: successfully reloaded assembly
- Completed reload, in  2.710 seconds
Platform modules already initialized, skipping
Refreshing native plugins compatible for Editor in 1.58 ms, found 3 plugins.
Preloading 0 native plugins for Editor in 0.00 ms.
Unloading 2181 Unused Serialized files (Serialized files now loaded: 0)
System memory in use before: 95.7 MB.
System memory in use after: 95.8 MB.

Unloading 30 unused Assets to reduce memory usage. Loaded Objects now: 2647.
Total: 3.877400 ms (FindLiveObjects: 0.344800 ms CreateObjectMapping: 0.246300 ms MarkObjects: 3.245100 ms  DeleteObjects: 0.039400 ms)

========================================================================
Received Prepare
Registering precompiled user dll's ...
Registered in 0.009279 seconds.
Begin MonoManager ReloadAssembly
Native extension for WindowsStandalone target not found
Refreshing native plugins compatible for Editor in 1.42 ms, found 3 plugins.
Preloading 0 native plugins for Editor in 0.00 ms.
Mono: successfully reloaded assembly
- Completed reload, in  2.644 seconds
Platform modules already initialized, skipping
Refreshing native plugins compatible for Editor in 2.78 ms, found 3 plugins.
Preloading 0 native plugins for Editor in 0.00 ms.
Unloading 2181 Unused Serialized files (Serialized files now loaded: 0)
System memory in use before: 95.7 MB.
System memory in use after: 95.8 MB.

Unloading 30 unused Assets to reduce memory usage. Loaded Objects now: 2650.
Total: 4.929200 ms (FindLiveObjects: 0.547100 ms CreateObjectMapping: 0.269900 ms MarkObjects: 4.063400 ms  DeleteObjects: 0.045300 ms)

========================================================================
Received Prepare
Refreshing native plugins compatible for Editor in 17.04 ms, found 3 plugins.
Preloading 0 native plugins for Editor in 0.00 ms.
Unloading 28 Unused Serialized files (Serialized files now loaded: 0)
System memory in use before: 53.1 MB.
System memory in use after: 53.2 MB.

Unloading 27 unused Assets to reduce memory usage. Loaded Objects now: 2650.
Total: 4.364100 ms (FindLiveObjects: 0.304100 ms CreateObjectMapping: 0.191000 ms MarkObjects: 3.828000 ms  DeleteObjects: 0.038800 ms)

AssetImportWorkerClient::OnTransportError - code=2 error=End of file
