Using pre-set license
Built from '2020.3/staging' branch; Version is '2020.3.10f1 (297d780c91bc) revision 2719096'; Using compiler version '192528614'; Build Type 'Release'
OS: 'Windows 10 Pro; OS build 19042.1052; Version 2009; 64bit' Language: 'ru' Physical Memory: 8072 MB
BatchMode: 1, IsHumanControllingUs: 0, StartBugReporterOnCrash: 0, Is64bit: 1, IsPro: 0

 COMMAND LINE ARGUMENTS:
C:\Program Files\Unity\Hub\Editor\2020.3.10f1\Editor\Unity.exe
-adb2
-batchMode
-noUpm
-name
AssetImportWorker0
-projectPath
C:/Users/Admin/doodle2
-logFile
Logs/AssetImportWorker0.log
-srvPort
49381
Successfully changed project path to: C:/Users/Admin/doodle2
C:/Users/Admin/doodle2
Using Asset Import Pipeline V2.
Refreshing native plugins compatible for Editor in 125.09 ms, found 3 plugins.
Preloading 0 native plugins for Editor in 0.00 ms.
Initialize engine version: 2020.3.10f1 (297d780c91bc)
[Subsystems] Discovering subsystems at path C:/Program Files/Unity/Hub/Editor/2020.3.10f1/Editor/Data/Resources/UnitySubsystems
[Subsystems] Discovering subsystems at path C:/Users/Admin/doodle2/Assets
GfxDevice: creating device client; threaded=0
Direct3D:
    Version:  Direct3D 11.0 [level 11.0]
    Renderer: Intel(R) HD Graphics 4000 (ID=0x166)
    Vendor:   
    VRAM:     128 MB
    Driver:   10.18.10.4425
Initialize mono
Mono path[0] = 'C:/Program Files/Unity/Hub/Editor/2020.3.10f1/Editor/Data/Managed'
Mono path[1] = 'C:/Program Files/Unity/Hub/Editor/2020.3.10f1/Editor/Data/MonoBleedingEdge/lib/mono/unityjit'
Mono config path = 'C:/Program Files/Unity/Hub/Editor/2020.3.10f1/Editor/Data/MonoBleedingEdge/etc'
Using monoOptions --debugger-agent=transport=dt_socket,embedding=1,server=y,suspend=n,address=127.0.0.1:56304
Begin MonoManager ReloadAssembly
Registering precompiled unity dll's ...
Register platform support module: C:/Program Files/Unity/Hub/Editor/2020.3.10f1/Editor/Data/PlaybackEngines/WindowsStandaloneSupport/UnityEditor.WindowsStandalone.Extensions.dll
Registered in 0.003801 seconds.
Native extension for WindowsStandalone target not found
Refreshing native plugins compatible for Editor in 108.75 ms, found 3 plugins.
Preloading 0 native plugins for Editor in 0.00 ms.
Mono: successfully reloaded assembly
- Completed reload, in  2.481 seconds
Platform modules already initialized, skipping
Registering precompiled user dll's ...
Registered in 0.008816 seconds.
Begin MonoManager ReloadAssembly
Native extension for WindowsStandalone target not found
Refreshing native plugins compatible for Editor in 103.49 ms, found 3 plugins.
Preloading 0 native plugins for Editor in 0.00 ms.
Mono: successfully reloaded assembly
- Completed reload, in  2.597 seconds
Platform modules already initialized, skipping
========================================================================
Worker process is ready to serve import requests
Launched and connected shader compiler UnityShaderCompiler.exe after 0.08 seconds
Refreshing native plugins compatible for Editor in 2.88 ms, found 3 plugins.
Preloading 0 native plugins for Editor in 0.00 ms.
Unloading 2190 Unused Serialized files (Serialized files now loaded: 0)
System memory in use before: 95.9 MB.
System memory in use after: 96.0 MB.

Unloading 41 unused Assets to reduce memory usage. Loaded Objects now: 2617.
Total: 4.365700 ms (FindLiveObjects: 0.667200 ms CreateObjectMapping: 0.215500 ms MarkObjects: 3.348200 ms  DeleteObjects: 0.131800 ms)

========================================================================
Received Import Request.
  path: Assets/scripts/интерфейс игры/DeathNotification.cs
  artifactKey: Guid(90415ca6cf9cc004e9e4efa5c0e128ad) Importer(815301076,1909f56bfc062723c751e8b465ee728b)
Start importing Assets/scripts/интерфейс игры/DeathNotification.cs using Guid(90415ca6cf9cc004e9e4efa5c0e128ad) Importer(815301076,1909f56bfc062723c751e8b465ee728b)  -> (artifact id: '48de4a4e8f893519b5904659e42962b8') in 0.063750 seconds
  Import took 0.072891 seconds .

========================================================================
Received Prepare
Refreshing native plugins compatible for Editor in 15.37 ms, found 3 plugins.
Preloading 0 native plugins for Editor in 0.00 ms.
Unloading 28 Unused Serialized files (Serialized files now loaded: 0)
System memory in use before: 52.8 MB.
System memory in use after: 52.9 MB.

Unloading 27 unused Assets to reduce memory usage. Loaded Objects now: 2617.
Total: 3.716000 ms (FindLiveObjects: 0.239700 ms CreateObjectMapping: 0.105000 ms MarkObjects: 3.330500 ms  DeleteObjects: 0.039200 ms)

========================================================================
Received Import Request.
  Time since last request: 170.038354 seconds.
  path: Assets/scripts/интерфейс игры/DeathNotification.cs
  artifactKey: Guid(90415ca6cf9cc004e9e4efa5c0e128ad) Importer(815301076,1909f56bfc062723c751e8b465ee728b)
Start importing Assets/scripts/интерфейс игры/DeathNotification.cs using Guid(90415ca6cf9cc004e9e4efa5c0e128ad) Importer(815301076,1909f56bfc062723c751e8b465ee728b)  -> (artifact id: '7e4cc307ce29727c715554a3533a8e41') in 0.005770 seconds
  Import took 0.011526 seconds .

========================================================================
Received Prepare
Registering precompiled user dll's ...
Registered in 0.008913 seconds.
Begin MonoManager ReloadAssembly
Native extension for WindowsStandalone target not found
Refreshing native plugins compatible for Editor in 0.98 ms, found 3 plugins.
Preloading 0 native plugins for Editor in 0.00 ms.
Mono: successfully reloaded assembly
- Completed reload, in  1.806 seconds
Platform modules already initialized, skipping
Refreshing native plugins compatible for Editor in 2.48 ms, found 3 plugins.
Preloading 0 native plugins for Editor in 0.00 ms.
Unloading 2181 Unused Serialized files (Serialized files now loaded: 0)
System memory in use before: 95.5 MB.
System memory in use after: 95.6 MB.

Unloading 30 unused Assets to reduce memory usage. Loaded Objects now: 2620.
Total: 3.072600 ms (FindLiveObjects: 0.236200 ms CreateObjectMapping: 0.105000 ms MarkObjects: 2.696000 ms  DeleteObjects: 0.033500 ms)

========================================================================
Received Prepare
Registering precompiled user dll's ...
Registered in 0.009057 seconds.
Begin MonoManager ReloadAssembly
Native extension for WindowsStandalone target not found
Refreshing native plugins compatible for Editor in 1.09 ms, found 3 plugins.
Preloading 0 native plugins for Editor in 0.00 ms.
Mono: successfully reloaded assembly
- Completed reload, in  2.000 seconds
Platform modules already initialized, skipping
Refreshing native plugins compatible for Editor in 1.40 ms, found 3 plugins.
Preloading 0 native plugins for Editor in 0.00 ms.
Unloading 2181 Unused Serialized files (Serialized files now loaded: 0)
System memory in use before: 95.6 MB.
System memory in use after: 95.7 MB.

Unloading 30 unused Assets to reduce memory usage. Loaded Objects now: 2623.
Total: 3.768400 ms (FindLiveObjects: 0.367200 ms CreateObjectMapping: 0.271500 ms MarkObjects: 3.088800 ms  DeleteObjects: 0.038700 ms)

========================================================================
Received Import Request.
  Time since last request: 52.914144 seconds.
  path: Assets/Scenes/SampleScene.unity
  artifactKey: Guid(2cda990e2423bbf4892e6590ba056729) Importer(815301076,1909f56bfc062723c751e8b465ee728b)
Start importing Assets/Scenes/SampleScene.unity using Guid(2cda990e2423bbf4892e6590ba056729) Importer(815301076,1909f56bfc062723c751e8b465ee728b)  -> (artifact id: 'cbad2cf0b9ae4807d1e91527a1dd1ca0') in 0.045637 seconds
  Import took 0.053876 seconds .

========================================================================
Received Prepare
Registering precompiled user dll's ...
Registered in 0.008211 seconds.
Begin MonoManager ReloadAssembly
Native extension for WindowsStandalone target not found
Refreshing native plugins compatible for Editor in 1.43 ms, found 3 plugins.
Preloading 0 native plugins for Editor in 0.00 ms.
Mono: successfully reloaded assembly
- Completed reload, in  2.419 seconds
Platform modules already initialized, skipping
Refreshing native plugins compatible for Editor in 1.49 ms, found 3 plugins.
Preloading 0 native plugins for Editor in 0.00 ms.
Unloading 2181 Unused Serialized files (Serialized files now loaded: 0)
System memory in use before: 95.6 MB.
System memory in use after: 95.7 MB.

Unloading 30 unused Assets to reduce memory usage. Loaded Objects now: 2626.
Total: 3.619000 ms (FindLiveObjects: 0.328500 ms CreateObjectMapping: 0.230500 ms MarkObjects: 3.024800 ms  DeleteObjects: 0.033300 ms)

========================================================================
Received Prepare
Registering precompiled user dll's ...
Registered in 0.006851 seconds.
Begin MonoManager ReloadAssembly
Native extension for WindowsStandalone target not found
Refreshing native plugins compatible for Editor in 1.06 ms, found 3 plugins.
Preloading 0 native plugins for Editor in 0.00 ms.
Mono: successfully reloaded assembly
- Completed reload, in  2.077 seconds
Platform modules already initialized, skipping
Refreshing native plugins compatible for Editor in 1.44 ms, found 3 plugins.
Preloading 0 native plugins for Editor in 0.00 ms.
Unloading 2181 Unused Serialized files (Serialized files now loaded: 0)
System memory in use before: 95.7 MB.
System memory in use after: 95.8 MB.

Unloading 30 unused Assets to reduce memory usage. Loaded Objects now: 2629.
Total: 3.354100 ms (FindLiveObjects: 0.248900 ms CreateObjectMapping: 0.107700 ms MarkObjects: 2.956400 ms  DeleteObjects: 0.039000 ms)

========================================================================
Received Prepare
Registering precompiled user dll's ...
Registered in 0.006944 seconds.
Begin MonoManager ReloadAssembly
Native extension for WindowsStandalone target not found
Refreshing native plugins compatible for Editor in 1.86 ms, found 3 plugins.
Preloading 0 native plugins for Editor in 0.00 ms.
Mono: successfully reloaded assembly
- Completed reload, in  2.537 seconds
Platform modules already initialized, skipping
Refreshing native plugins compatible for Editor in 1.07 ms, found 3 plugins.
Preloading 0 native plugins for Editor in 0.00 ms.
Unloading 2181 Unused Serialized files (Serialized files now loaded: 0)
System memory in use before: 95.7 MB.
System memory in use after: 95.8 MB.

Unloading 30 unused Assets to reduce memory usage. Loaded Objects now: 2632.
Total: 3.146100 ms (FindLiveObjects: 0.237400 ms CreateObjectMapping: 0.108100 ms MarkObjects: 2.764100 ms  DeleteObjects: 0.034500 ms)

========================================================================
Received Prepare
Registering precompiled user dll's ...
Registered in 0.011034 seconds.
Begin MonoManager ReloadAssembly
Native extension for WindowsStandalone target not found
Refreshing native plugins compatible for Editor in 1.64 ms, found 3 plugins.
Preloading 0 native plugins for Editor in 0.00 ms.
Mono: successfully reloaded assembly
- Completed reload, in  2.750 seconds
Platform modules already initialized, skipping
Refreshing native plugins compatible for Editor in 1.76 ms, found 3 plugins.
Preloading 0 native plugins for Editor in 0.00 ms.
Unloading 2181 Unused Serialized files (Serialized files now loaded: 0)
System memory in use before: 95.7 MB.
System memory in use after: 95.9 MB.

Unloading 30 unused Assets to reduce memory usage. Loaded Objects now: 2635.
Total: 3.668000 ms (FindLiveObjects: 0.269000 ms CreateObjectMapping: 0.128200 ms MarkObjects: 3.225500 ms  DeleteObjects: 0.042900 ms)

========================================================================
Received Prepare
Registering precompiled user dll's ...
Registered in 0.007709 seconds.
Begin MonoManager ReloadAssembly
Native extension for WindowsStandalone target not found
Refreshing native plugins compatible for Editor in 2.09 ms, found 3 plugins.
Preloading 0 native plugins for Editor in 0.00 ms.
Mono: successfully reloaded assembly
- Completed reload, in  2.730 seconds
Platform modules already initialized, skipping
Refreshing native plugins compatible for Editor in 1.67 ms, found 3 plugins.
Preloading 0 native plugins for Editor in 0.00 ms.
Unloading 2181 Unused Serialized files (Serialized files now loaded: 0)
System memory in use before: 95.8 MB.
System memory in use after: 95.9 MB.

Unloading 30 unused Assets to reduce memory usage. Loaded Objects now: 2638.
Total: 3.680000 ms (FindLiveObjects: 0.265000 ms CreateObjectMapping: 0.133000 ms MarkObjects: 3.239400 ms  DeleteObjects: 0.040400 ms)

========================================================================
Received Prepare
Registering precompiled user dll's ...
Registered in 0.007911 seconds.
Begin MonoManager ReloadAssembly
Native extension for WindowsStandalone target not found
Refreshing native plugins compatible for Editor in 2.26 ms, found 3 plugins.
Preloading 0 native plugins for Editor in 0.00 ms.
Mono: successfully reloaded assembly
- Completed reload, in  3.230 seconds
Platform modules already initialized, skipping
Refreshing native plugins compatible for Editor in 2.15 ms, found 3 plugins.
Preloading 0 native plugins for Editor in 0.00 ms.
Unloading 2181 Unused Serialized files (Serialized files now loaded: 0)
System memory in use before: 95.8 MB.
System memory in use after: 95.9 MB.

Unloading 30 unused Assets to reduce memory usage. Loaded Objects now: 2641.
Total: 4.532500 ms (FindLiveObjects: 0.506900 ms CreateObjectMapping: 0.192900 ms MarkObjects: 3.784600 ms  DeleteObjects: 0.045400 ms)

========================================================================
Received Prepare
Registering precompiled user dll's ...
Registered in 0.010245 seconds.
Begin MonoManager ReloadAssembly
Native extension for WindowsStandalone target not found
Refreshing native plugins compatible for Editor in 1.48 ms, found 3 plugins.
Preloading 0 native plugins for Editor in 0.00 ms.
Mono: successfully reloaded assembly
- Completed reload, in  1.838 seconds
Platform modules already initialized, skipping
Refreshing native plugins compatible for Editor in 1.40 ms, found 3 plugins.
Preloading 0 native plugins for Editor in 0.00 ms.
Unloading 2181 Unused Serialized files (Serialized files now loaded: 0)
System memory in use before: 95.8 MB.
System memory in use after: 95.9 MB.

Unloading 30 unused Assets to reduce memory usage. Loaded Objects now: 2644.
Total: 3.316100 ms (FindLiveObjects: 0.237900 ms CreateObjectMapping: 0.107400 ms MarkObjects: 2.932300 ms  DeleteObjects: 0.036600 ms)

========================================================================
Received Prepare
Registering precompiled user dll's ...
Registered in 0.012200 seconds.
Begin MonoManager ReloadAssembly
Native extension for WindowsStandalone target not found
Refreshing native plugins compatible for Editor in 1.37 ms, found 3 plugins.
Preloading 0 native plugins for Editor in 0.00 ms.
Mono: successfully reloaded assembly
- Completed reload, in  2.245 seconds
Platform modules already initialized, skipping
Refreshing native plugins compatible for Editor in 1.42 ms, found 3 plugins.
Preloading 0 native plugins for Editor in 0.00 ms.
Unloading 2181 Unused Serialized files (Serialized files now loaded: 0)
System memory in use before: 95.8 MB.
System memory in use after: 95.9 MB.

Unloading 30 unused Assets to reduce memory usage. Loaded Objects now: 2647.
Total: 3.148400 ms (FindLiveObjects: 0.229000 ms CreateObjectMapping: 0.100900 ms MarkObjects: 2.783600 ms  DeleteObjects: 0.033000 ms)

========================================================================
Received Import Request.
  Time since last request: 1537.896318 seconds.
  path: Assets/scripts/интерфейс игры/gameManage.cs
  artifactKey: Guid(af3119ce178b93e48b1480e9b79beb0e) Importer(815301076,1909f56bfc062723c751e8b465ee728b)
Start importing Assets/scripts/интерфейс игры/gameManage.cs using Guid(af3119ce178b93e48b1480e9b79beb0e) Importer(815301076,1909f56bfc062723c751e8b465ee728b)  -> (artifact id: '440ba570f88aba82b2b4d289c3ebf31a') in 0.028854 seconds
  Import took 0.036885 seconds .

========================================================================
Received Import Request.
  Time since last request: 10.247339 seconds.
  path: Assets/scripts/интерфейс игры/GameManage.cs
  artifactKey: Guid(af3119ce178b93e48b1480e9b79beb0e) Importer(815301076,1909f56bfc062723c751e8b465ee728b)
Start importing Assets/scripts/интерфейс игры/GameManage.cs using Guid(af3119ce178b93e48b1480e9b79beb0e) Importer(815301076,1909f56bfc062723c751e8b465ee728b)  -> (artifact id: 'a337f76b8e9538cb21c47a0354203c97') in 0.028060 seconds
  Import took 0.048356 seconds .

========================================================================
Received Prepare
Registering precompiled user dll's ...
Registered in 0.009205 seconds.
Begin MonoManager ReloadAssembly
Native extension for WindowsStandalone target not found
Refreshing native plugins compatible for Editor in 0.92 ms, found 3 plugins.
Preloading 0 native plugins for Editor in 0.00 ms.
Mono: successfully reloaded assembly
- Completed reload, in  1.808 seconds
Platform modules already initialized, skipping
Refreshing native plugins compatible for Editor in 1.36 ms, found 3 plugins.
Preloading 0 native plugins for Editor in 0.00 ms.
Unloading 2181 Unused Serialized files (Serialized files now loaded: 0)
System memory in use before: 95.8 MB.
System memory in use after: 95.9 MB.

Unloading 30 unused Assets to reduce memory usage. Loaded Objects now: 2650.
Total: 3.142200 ms (FindLiveObjects: 0.295000 ms CreateObjectMapping: 0.112700 ms MarkObjects: 2.697700 ms  DeleteObjects: 0.034700 ms)

========================================================================
Received Import Request.
  Time since last request: 7.847937 seconds.
  path: Assets/scripts/интерфейс игры/pauseMenu.cs
  artifactKey: Guid(01addde7301920e478aa89d7ccb402cf) Importer(815301076,1909f56bfc062723c751e8b465ee728b)
Start importing Assets/scripts/интерфейс игры/pauseMenu.cs using Guid(01addde7301920e478aa89d7ccb402cf) Importer(815301076,1909f56bfc062723c751e8b465ee728b)  -> (artifact id: '91e19c30c28fe255a0ec72b3b38fc799') in 0.014472 seconds
  Import took 0.020715 seconds .

========================================================================
Received Import Request.
  Time since last request: 5.525364 seconds.
  path: Assets/scripts/интерфейс игры/PauseMenu.cs
  artifactKey: Guid(01addde7301920e478aa89d7ccb402cf) Importer(815301076,1909f56bfc062723c751e8b465ee728b)
Start importing Assets/scripts/интерфейс игры/PauseMenu.cs using Guid(01addde7301920e478aa89d7ccb402cf) Importer(815301076,1909f56bfc062723c751e8b465ee728b)  -> (artifact id: 'ed72b6b0e2a3f3278d3b45e8adf08f6e') in 0.016788 seconds
  Import took 0.024982 seconds .

========================================================================
Received Import Request.
  Time since last request: 0.961950 seconds.
  path: Assets/scripts/интерфейс игры/settings.cs
  artifactKey: Guid(004522d9a1c706d47b6cfe78a34e82ed) Importer(815301076,1909f56bfc062723c751e8b465ee728b)
Start importing Assets/scripts/интерфейс игры/settings.cs using Guid(004522d9a1c706d47b6cfe78a34e82ed) Importer(815301076,1909f56bfc062723c751e8b465ee728b)  -> (artifact id: 'f47bbf08a23ba8fb2119c5ee454038cd') in 0.017148 seconds
  Import took 0.025143 seconds .

========================================================================
Received Prepare
Registering precompiled user dll's ...
Registered in 0.008742 seconds.
Begin MonoManager ReloadAssembly
Native extension for WindowsStandalone target not found
Refreshing native plugins compatible for Editor in 1.15 ms, found 3 plugins.
Preloading 0 native plugins for Editor in 0.00 ms.
Mono: successfully reloaded assembly
- Completed reload, in  2.676 seconds
Platform modules already initialized, skipping
Refreshing native plugins compatible for Editor in 1.72 ms, found 3 plugins.
Preloading 0 native plugins for Editor in 0.00 ms.
Unloading 2181 Unused Serialized files (Serialized files now loaded: 0)
System memory in use before: 95.8 MB.
System memory in use after: 95.9 MB.

Unloading 30 unused Assets to reduce memory usage. Loaded Objects now: 2653.
Total: 3.439800 ms (FindLiveObjects: 0.253000 ms CreateObjectMapping: 0.130800 ms MarkObjects: 3.014900 ms  DeleteObjects: 0.039000 ms)

========================================================================
Received Import Request.
  Time since last request: 12.930122 seconds.
  path: Assets/scripts/интерфейс игры/Settings.cs
  artifactKey: Guid(004522d9a1c706d47b6cfe78a34e82ed) Importer(815301076,1909f56bfc062723c751e8b465ee728b)
Start importing Assets/scripts/интерфейс игры/Settings.cs using Guid(004522d9a1c706d47b6cfe78a34e82ed) Importer(815301076,1909f56bfc062723c751e8b465ee728b)  -> (artifact id: '54e9ce06303d52fbcb35dd1f02f7f16e') in 0.036822 seconds
  Import took 0.048564 seconds .

========================================================================
Received Prepare
Registering precompiled user dll's ...
Registered in 0.008436 seconds.
Begin MonoManager ReloadAssembly
Native extension for WindowsStandalone target not found
Refreshing native plugins compatible for Editor in 1.11 ms, found 3 plugins.
Preloading 0 native plugins for Editor in 0.00 ms.
Mono: successfully reloaded assembly
- Completed reload, in  1.874 seconds
Platform modules already initialized, skipping
Refreshing native plugins compatible for Editor in 1.45 ms, found 3 plugins.
Preloading 0 native plugins for Editor in 0.00 ms.
Unloading 2181 Unused Serialized files (Serialized files now loaded: 0)
System memory in use before: 95.8 MB.
System memory in use after: 95.9 MB.

Unloading 30 unused Assets to reduce memory usage. Loaded Objects now: 2656.
Total: 3.985300 ms (FindLiveObjects: 0.295900 ms CreateObjectMapping: 0.109600 ms MarkObjects: 3.535000 ms  DeleteObjects: 0.042200 ms)

========================================================================
Received Import Request.
  Time since last request: 8.816316 seconds.
  path: Assets/scripts/механика игры/doodle.cs
  artifactKey: Guid(31524bc110be4bd46badd046e01daec6) Importer(815301076,1909f56bfc062723c751e8b465ee728b)
Start importing Assets/scripts/механика игры/doodle.cs using Guid(31524bc110be4bd46badd046e01daec6) Importer(815301076,1909f56bfc062723c751e8b465ee728b)  -> (artifact id: '0348feb24d9131991c414c1bf31ef6ba') in 0.029730 seconds
  Import took 0.043096 seconds .

========================================================================
Received Import Request.
  Time since last request: 8.423379 seconds.
  path: Assets/scripts/механика игры/Doodle.cs
  artifactKey: Guid(31524bc110be4bd46badd046e01daec6) Importer(815301076,1909f56bfc062723c751e8b465ee728b)
Start importing Assets/scripts/механика игры/Doodle.cs using Guid(31524bc110be4bd46badd046e01daec6) Importer(815301076,1909f56bfc062723c751e8b465ee728b)  -> (artifact id: '4768f2f848ec1f52364d686874eade85') in 0.027305 seconds
  Import took 0.036401 seconds .

========================================================================
Received Prepare
Registering precompiled user dll's ...
Registered in 0.007895 seconds.
Begin MonoManager ReloadAssembly
Native extension for WindowsStandalone target not found
Refreshing native plugins compatible for Editor in 0.99 ms, found 3 plugins.
Preloading 0 native plugins for Editor in 0.00 ms.
Mono: successfully reloaded assembly
- Completed reload, in  2.179 seconds
Platform modules already initialized, skipping
Refreshing native plugins compatible for Editor in 1.37 ms, found 3 plugins.
Preloading 0 native plugins for Editor in 0.00 ms.
Unloading 2181 Unused Serialized files (Serialized files now loaded: 0)
System memory in use before: 95.8 MB.
System memory in use after: 95.9 MB.

Unloading 30 unused Assets to reduce memory usage. Loaded Objects now: 2659.
Total: 3.470900 ms (FindLiveObjects: 0.430700 ms CreateObjectMapping: 0.203200 ms MarkObjects: 2.793800 ms  DeleteObjects: 0.041400 ms)

========================================================================
Received Import Request.
  Time since last request: 7.713496 seconds.
  path: Assets/scripts/механика игры/platform.cs
  artifactKey: Guid(9ed980e1429d01842afcbea162e33107) Importer(815301076,1909f56bfc062723c751e8b465ee728b)
Start importing Assets/scripts/механика игры/platform.cs using Guid(9ed980e1429d01842afcbea162e33107) Importer(815301076,1909f56bfc062723c751e8b465ee728b)  -> (artifact id: 'd2c0deca9d0da2c40dc632dbf0062283') in 0.015464 seconds
  Import took 0.021256 seconds .

========================================================================
Received Import Request.
  Time since last request: 3.950031 seconds.
  path: Assets/scripts/механика игры/Platform.cs
  artifactKey: Guid(9ed980e1429d01842afcbea162e33107) Importer(815301076,1909f56bfc062723c751e8b465ee728b)
Start importing Assets/scripts/механика игры/Platform.cs using Guid(9ed980e1429d01842afcbea162e33107) Importer(815301076,1909f56bfc062723c751e8b465ee728b)  -> (artifact id: 'ee0d1de7fbb269e1c78c1837baa6a5f6') in 0.014816 seconds
  Import took 0.022380 seconds .

========================================================================
Received Prepare
Registering precompiled user dll's ...
Registered in 0.006664 seconds.
Begin MonoManager ReloadAssembly
Native extension for WindowsStandalone target not found
Refreshing native plugins compatible for Editor in 1.14 ms, found 3 plugins.
Preloading 0 native plugins for Editor in 0.00 ms.
Mono: successfully reloaded assembly
- Completed reload, in  2.161 seconds
Platform modules already initialized, skipping
Refreshing native plugins compatible for Editor in 2.44 ms, found 3 plugins.
Preloading 0 native plugins for Editor in 0.00 ms.
Unloading 2181 Unused Serialized files (Serialized files now loaded: 0)
System memory in use before: 95.8 MB.
System memory in use after: 95.9 MB.

Unloading 30 unused Assets to reduce memory usage. Loaded Objects now: 2662.
Total: 3.196800 ms (FindLiveObjects: 0.241800 ms CreateObjectMapping: 0.107400 ms MarkObjects: 2.812700 ms  DeleteObjects: 0.032900 ms)

========================================================================
Received Import Request.
  Time since last request: 8.219294 seconds.
  path: Assets/scripts/сохранение
  artifactKey: Guid(9b5f2117e6f9aa94ba8afd53f4feeed2) Importer(815301076,1909f56bfc062723c751e8b465ee728b)
Start importing Assets/scripts/сохранение using Guid(9b5f2117e6f9aa94ba8afd53f4feeed2) Importer(815301076,1909f56bfc062723c751e8b465ee728b)  -> (artifact id: '9e8502ca7a55a1480ebf9ba2569396fb') in 0.015336 seconds
  Import took 0.020528 seconds .

========================================================================
Received Prepare
Registering precompiled user dll's ...
Registered in 0.006670 seconds.
Begin MonoManager ReloadAssembly
Native extension for WindowsStandalone target not found
Refreshing native plugins compatible for Editor in 1.60 ms, found 3 plugins.
Preloading 0 native plugins for Editor in 0.00 ms.
Mono: successfully reloaded assembly
- Completed reload, in  1.941 seconds
Platform modules already initialized, skipping
Refreshing native plugins compatible for Editor in 5.16 ms, found 3 plugins.
Preloading 0 native plugins for Editor in 0.00 ms.
Unloading 2181 Unused Serialized files (Serialized files now loaded: 0)
System memory in use before: 95.8 MB.
System memory in use after: 95.9 MB.

Unloading 30 unused Assets to reduce memory usage. Loaded Objects now: 2665.
Total: 4.180500 ms (FindLiveObjects: 0.372600 ms CreateObjectMapping: 0.692300 ms MarkObjects: 3.070000 ms  DeleteObjects: 0.043100 ms)

========================================================================
Received Prepare
Registering precompiled user dll's ...
Registered in 0.007711 seconds.
Begin MonoManager ReloadAssembly
Native extension for WindowsStandalone target not found
Refreshing native plugins compatible for Editor in 1.40 ms, found 3 plugins.
Preloading 0 native plugins for Editor in 0.00 ms.
Mono: successfully reloaded assembly
- Completed reload, in  2.324 seconds
Platform modules already initialized, skipping
Refreshing native plugins compatible for Editor in 1.17 ms, found 3 plugins.
Preloading 0 native plugins for Editor in 0.00 ms.
Unloading 2181 Unused Serialized files (Serialized files now loaded: 0)
System memory in use before: 95.8 MB.
System memory in use after: 95.9 MB.

Unloading 30 unused Assets to reduce memory usage. Loaded Objects now: 2668.
Total: 3.129900 ms (FindLiveObjects: 0.246000 ms CreateObjectMapping: 0.108000 ms MarkObjects: 2.734000 ms  DeleteObjects: 0.040000 ms)

========================================================================
Received Prepare
Registering precompiled user dll's ...
Registered in 0.006727 seconds.
Begin MonoManager ReloadAssembly
Native extension for WindowsStandalone target not found
Refreshing native plugins compatible for Editor in 1.71 ms, found 3 plugins.
Preloading 0 native plugins for Editor in 0.00 ms.
Mono: successfully reloaded assembly
- Completed reload, in  1.954 seconds
Platform modules already initialized, skipping
Refreshing native plugins compatible for Editor in 1.52 ms, found 3 plugins.
Preloading 0 native plugins for Editor in 0.00 ms.
Unloading 2181 Unused Serialized files (Serialized files now loaded: 0)
System memory in use before: 95.8 MB.
System memory in use after: 95.9 MB.

Unloading 30 unused Assets to reduce memory usage. Loaded Objects now: 2671.
Total: 3.230900 ms (FindLiveObjects: 0.268300 ms CreateObjectMapping: 0.110900 ms MarkObjects: 2.796200 ms  DeleteObjects: 0.053000 ms)

========================================================================
Received Prepare
Registering precompiled user dll's ...
Registered in 0.007581 seconds.
Begin MonoManager ReloadAssembly
Native extension for WindowsStandalone target not found
Refreshing native plugins compatible for Editor in 1.02 ms, found 3 plugins.
Preloading 0 native plugins for Editor in 0.00 ms.
Mono: successfully reloaded assembly
- Completed reload, in  2.044 seconds
Platform modules already initialized, skipping
Refreshing native plugins compatible for Editor in 1.47 ms, found 3 plugins.
Preloading 0 native plugins for Editor in 0.00 ms.
Unloading 2181 Unused Serialized files (Serialized files now loaded: 0)
System memory in use before: 95.8 MB.
System memory in use after: 96.0 MB.

Unloading 30 unused Assets to reduce memory usage. Loaded Objects now: 2674.
Total: 3.222600 ms (FindLiveObjects: 0.241400 ms CreateObjectMapping: 0.108400 ms MarkObjects: 2.834800 ms  DeleteObjects: 0.036100 ms)

========================================================================
Received Prepare
Registering precompiled user dll's ...
Registered in 0.007144 seconds.
Begin MonoManager ReloadAssembly
Native extension for WindowsStandalone target not found
Refreshing native plugins compatible for Editor in 0.94 ms, found 3 plugins.
Preloading 0 native plugins for Editor in 0.00 ms.
Mono: successfully reloaded assembly
- Completed reload, in  2.757 seconds
Platform modules already initialized, skipping
Refreshing native plugins compatible for Editor in 1.97 ms, found 3 plugins.
Preloading 0 native plugins for Editor in 0.00 ms.
Unloading 2181 Unused Serialized files (Serialized files now loaded: 0)
System memory in use before: 95.9 MB.
System memory in use after: 96.0 MB.

Unloading 30 unused Assets to reduce memory usage. Loaded Objects now: 2677.
Total: 4.033500 ms (FindLiveObjects: 0.314400 ms CreateObjectMapping: 0.159300 ms MarkObjects: 3.510900 ms  DeleteObjects: 0.046500 ms)

========================================================================
Received Prepare
Registering precompiled user dll's ...
Registered in 0.006684 seconds.
Begin MonoManager ReloadAssembly
Native extension for WindowsStandalone target not found
Refreshing native plugins compatible for Editor in 1.43 ms, found 3 plugins.
Preloading 0 native plugins for Editor in 0.00 ms.
Mono: successfully reloaded assembly
- Completed reload, in  1.917 seconds
Platform modules already initialized, skipping
Refreshing native plugins compatible for Editor in 1.40 ms, found 3 plugins.
Preloading 0 native plugins for Editor in 0.00 ms.
Unloading 2181 Unused Serialized files (Serialized files now loaded: 0)
System memory in use before: 95.9 MB.
System memory in use after: 96.0 MB.

Unloading 30 unused Assets to reduce memory usage. Loaded Objects now: 2680.
Total: 3.311200 ms (FindLiveObjects: 0.267200 ms CreateObjectMapping: 0.116500 ms MarkObjects: 2.876600 ms  DeleteObjects: 0.048200 ms)

========================================================================
Received Import Request.
  Time since last request: 2195.700324 seconds.
  path: Assets/Scenes/menu.unity
  artifactKey: Guid(5c711edc0de443a40be4440431a17260) Importer(815301076,1909f56bfc062723c751e8b465ee728b)
Start importing Assets/Scenes/menu.unity using Guid(5c711edc0de443a40be4440431a17260) Importer(815301076,1909f56bfc062723c751e8b465ee728b)  -> (artifact id: '8f4d62c7f5117d6078bb76441d48cb0a') in 0.046180 seconds
  Import took 0.054838 seconds .

========================================================================
Received Prepare
Registering precompiled user dll's ...
Registered in 0.006721 seconds.
Begin MonoManager ReloadAssembly
Native extension for WindowsStandalone target not found
Refreshing native plugins compatible for Editor in 1.04 ms, found 3 plugins.
Preloading 0 native plugins for Editor in 0.00 ms.
Mono: successfully reloaded assembly
- Completed reload, in  1.977 seconds
Platform modules already initialized, skipping
Refreshing native plugins compatible for Editor in 1.50 ms, found 3 plugins.
Preloading 0 native plugins for Editor in 0.00 ms.
Unloading 2181 Unused Serialized files (Serialized files now loaded: 0)
System memory in use before: 95.9 MB.
System memory in use after: 96.0 MB.

Unloading 30 unused Assets to reduce memory usage. Loaded Objects now: 2683.
Total: 3.691700 ms (FindLiveObjects: 0.360500 ms CreateObjectMapping: 0.243300 ms MarkObjects: 3.041800 ms  DeleteObjects: 0.041100 ms)

========================================================================
Received Prepare
Registering precompiled user dll's ...
Registered in 0.007526 seconds.
Begin MonoManager ReloadAssembly
Native extension for WindowsStandalone target not found
Refreshing native plugins compatible for Editor in 0.98 ms, found 3 plugins.
Preloading 0 native plugins for Editor in 0.00 ms.
Mono: successfully reloaded assembly
- Completed reload, in  2.195 seconds
Platform modules already initialized, skipping
Refreshing native plugins compatible for Editor in 1.54 ms, found 3 plugins.
Preloading 0 native plugins for Editor in 0.00 ms.
Unloading 2181 Unused Serialized files (Serialized files now loaded: 0)
System memory in use before: 95.9 MB.
System memory in use after: 96.0 MB.

Unloading 30 unused Assets to reduce memory usage. Loaded Objects now: 2686.
Total: 3.192700 ms (FindLiveObjects: 0.251300 ms CreateObjectMapping: 0.110200 ms MarkObjects: 2.793200 ms  DeleteObjects: 0.035900 ms)

========================================================================
Received Prepare
Registering precompiled user dll's ...
Registered in 0.041644 seconds.
Begin MonoManager ReloadAssembly
Native extension for WindowsStandalone target not found
Refreshing native plugins compatible for Editor in 1.57 ms, found 3 plugins.
Preloading 0 native plugins for Editor in 0.00 ms.
Mono: successfully reloaded assembly
- Completed reload, in  6.539 seconds
Platform modules already initialized, skipping
Refreshing native plugins compatible for Editor in 3.38 ms, found 3 plugins.
Preloading 0 native plugins for Editor in 0.00 ms.
Unloading 2181 Unused Serialized files (Serialized files now loaded: 0)
System memory in use before: 95.9 MB.
System memory in use after: 96.0 MB.

Unloading 30 unused Assets to reduce memory usage. Loaded Objects now: 2689.
Total: 6.176500 ms (FindLiveObjects: 0.458100 ms CreateObjectMapping: 0.157500 ms MarkObjects: 5.502100 ms  DeleteObjects: 0.055600 ms)

